0 info it worked if it ends with ok
1 verbose cli [ '/usr/bin/node', '/usr/bin/npm', 'run', 'serve' ]
2 info using npm@3.10.10
3 info using node@v6.11.4
4 verbose run-script [ 'preserve', 'serve', 'postserve' ]
5 info lifecycle ReactWebPackBasicPackages@1.0.0~preserve: ReactWebPackBasicPackages@1.0.0
6 silly lifecycle ReactWebPackBasicPackages@1.0.0~preserve: no script for preserve, continuing
7 info lifecycle ReactWebPackBasicPackages@1.0.0~serve: ReactWebPackBasicPackages@1.0.0
8 verbose lifecycle ReactWebPackBasicPackages@1.0.0~serve: unsafe-perm in lifecycle true
9 verbose lifecycle ReactWebPackBasicPackages@1.0.0~serve: PATH: /usr/lib/node_modules/npm/bin/node-gyp-bin:/home/kornel/Pulpit/CodersLab/FInal_Project/node_modules/.bin:/home/kornel/bin:/home/kornel/.local/bin:/home/kornel/bin:/home/kornel/.local/bin:/usr/local/sbin:/usr/local/bin:/usr/sbin:/usr/bin:/sbin:/bin:/usr/games:/usr/local/games:/snap/bin:/snap/bin
10 verbose lifecycle ReactWebPackBasicPackages@1.0.0~serve: CWD: /home/kornel/Pulpit/CodersLab/FInal_Project
11 silly lifecycle ReactWebPackBasicPackages@1.0.0~serve: Args: [ '-c', 'webpack-dev-server --hot' ]
12 silly lifecycle ReactWebPackBasicPackages@1.0.0~serve: Returned: code: 1  signal: null
13 info lifecycle ReactWebPackBasicPackages@1.0.0~serve: Failed to exec serve script
14 verbose stack Error: ReactWebPackBasicPackages@1.0.0 serve: `webpack-dev-server --hot`
14 verbose stack Exit status 1
14 verbose stack     at EventEmitter.<anonymous> (/usr/lib/node_modules/npm/lib/utils/lifecycle.js:255:16)
14 verbose stack     at emitTwo (events.js:106:13)
14 verbose stack     at EventEmitter.emit (events.js:191:7)
14 verbose stack     at ChildProcess.<anonymous> (/usr/lib/node_modules/npm/lib/utils/spawn.js:40:14)
14 verbose stack     at emitTwo (events.js:106:13)
14 verbose stack     at ChildProcess.emit (events.js:191:7)
14 verbose stack     at maybeClose (internal/child_process.js:920:16)
14 verbose stack     at Process.ChildProcess._handle.onexit (internal/child_process.js:230:5)
15 verbose pkgid ReactWebPackBasicPackages@1.0.0
16 verbose cwd /home/kornel/Pulpit/CodersLab/FInal_Project
17 error Linux 4.10.0-38-generic
18 error argv "/usr/bin/node" "/usr/bin/npm" "run" "serve"
19 error node v6.11.4
20 error npm  v3.10.10
21 error code ELIFECYCLE
22 error ReactWebPackBasicPackages@1.0.0 serve: `webpack-dev-server --hot`
22 error Exit status 1
23 error Failed at the ReactWebPackBasicPackages@1.0.0 serve script 'webpack-dev-server --hot'.
23 error Make sure you have the latest version of node.js and npm installed.
23 error If you do, this is most likely a problem with the ReactWebPackBasicPackages package,
23 error not with npm itself.
23 error Tell the author that this fails on your system:
23 error     webpack-dev-server --hot
23 error You can get information on how to open an issue for this project with:
23 error     npm bugs ReactWebPackBasicPackages
23 error Or if that isn't available, you can get their info via:
23 error     npm owner ls ReactWebPackBasicPackages
23 error There is likely additional logging output above.
24 verbose exit [ 1, true ]
